  Game.cpp
  main.cpp
  正在生成代码...
Game.obj : error LNK2019: 无法解析的外部符号 "__declspec(dllimport) public: __cdecl sf::String::String(char const *,class std::locale const &)" (__imp_??0String@sf@@QEAA@PEBDAEBVlocale@std@@@Z)，函数 "private: void __cdecl Game::initText(void)" (?initText@Game@@AEAAXXZ) 中引用了该符号
Game.obj : error LNK2019: 无法解析的外部符号 "__declspec(dllimport) public: __cdecl sf::String::String(class std::basic_string<char,struct std::char_traits<char>,class std::allocator<char> > const &,class std::locale const &)" (__imp_??0String@sf@@QEAA@AEBV?$basic_string@DU?$char_traits@D@std@@V?$allocator@D@2@@std@@AEBVlocale@3@@Z)，函数 "public: void __cdecl Game::updateText(void)" (?updateText@Game@@QEAAXXZ) 中引用了该符号
Game.obj : error LNK2019: 无法解析的外部符号 "__declspec(dllimport) public: __cdecl sf::String::~String(void)" (__imp_??1String@sf@@QEAA@XZ)，函数 "private: void __cdecl Game::initText(void)" (?initText@Game@@AEAAXXZ) 中引用了该符号
Game.obj : error LNK2019: 无法解析的外部符号 "__declspec(dllimport) public: static bool __cdecl sf::Mouse::isButtonPressed(enum sf::Mouse::Button)" (__imp_?isButtonPressed@Mouse@sf@@SA_NW4Button@12@@Z)，函数 "public: void __cdecl Game::updateEnemies(void)" (?updateEnemies@Game@@QEAAXXZ) 中引用了该符号
Game.obj : error LNK2019: 无法解析的外部符号 "__declspec(dllimport) public: static class sf::Vector2<int> __cdecl sf::Mouse::getPosition(class sf::Window const &)" (__imp_?getPosition@Mouse@sf@@SA?AV?$Vector2@H@2@AEBVWindow@2@@Z)，函数 "public: void __cdecl Game::updateMousePositions(void)" (?updateMousePositions@Game@@QEAAXXZ) 中引用了该符号
Game.obj : error LNK2019: 无法解析的外部符号 "__declspec(dllimport) public: __cdecl sf::VideoMode::VideoMode(void)" (__imp_??0VideoMode@sf@@QEAA@XZ)，函数 "public: __cdecl Game::Game(void)" (??0Game@@QEAA@XZ) 中引用了该符号
Game.obj : error LNK2019: 无法解析的外部符号 "__declspec(dllimport) public: void __cdecl sf::Window::close(void)" (__imp_?close@Window@sf@@QEAAXXZ)，函数 "public: void __cdecl Game::pollEvents(void)" (?pollEvents@Game@@QEAAXXZ) 中引用了该符号
Game.obj : error LNK2019: 无法解析的外部符号 "__declspec(dllimport) public: bool __cdecl sf::Window::isOpen(void)const " (__imp_?isOpen@Window@sf@@QEBA_NXZ)，函数 "public: bool const __cdecl Game::running(void)const " (?running@Game@@QEBA?B_NXZ) 中引用了该符号
Game.obj : error LNK2019: 无法解析的外部符号 "__declspec(dllimport) public: bool __cdecl sf::Window::pollEvent(class sf::Event &)" (__imp_?pollEvent@Window@sf@@QEAA_NAEAVEvent@2@@Z)，函数 "public: void __cdecl Game::pollEvents(void)" (?pollEvents@Game@@QEAAXXZ) 中引用了该符号
Game.obj : error LNK2019: 无法解析的外部符号 "__declspec(dllimport) public: void __cdecl sf::Window::setFramerateLimit(unsigned int)" (__imp_?setFramerateLimit@Window@sf@@QEAAXI@Z)，函数 "private: void __cdecl Game::initWindow(void)" (?initWindow@Game@@AEAAXXZ) 中引用了该符号
Game.obj : error LNK2019: 无法解析的外部符号 "__declspec(dllimport) public: void __cdecl sf::Window::display(void)" (__imp_?display@Window@sf@@QEAAXXZ)，函数 "public: void __cdecl Game::render(void)" (?render@Game@@QEAAXXZ) 中引用了该符号
Game.obj : error LNK2019: 无法解析的外部符号 "__declspec(dllimport) public: void __cdecl sf::Transformable::setPosition(float,float)" (__imp_?setPosition@Transformable@sf@@QEAAXMM@Z)，函数 "private: void __cdecl Game::initEnemies(void)" (?initEnemies@Game@@AEAAXXZ) 中引用了该符号
Game.obj : error LNK2019: 无法解析的外部符号 "__declspec(dllimport) public: void __cdecl sf::Transformable::setScale(class sf::Vector2<float> const &)" (__imp_?setScale@Transformable@sf@@QEAAXAEBV?$Vector2@M@2@@Z)，函数 "private: void __cdecl Game::initEnemies(void)" (?initEnemies@Game@@AEAAXXZ) 中引用了该符号
Game.obj : error LNK2019: 无法解析的外部符号 "__declspec(dllimport) public: class sf::Vector2<float> const & __cdecl sf::Transformable::getPosition(void)const " (__imp_?getPosition@Transformable@sf@@QEBAAEBV?$Vector2@M@2@XZ)，函数 "public: void __cdecl Game::updateEnemies(void)" (?updateEnemies@Game@@QEAAXXZ) 中引用了该符号
Game.obj : error LNK2019: 无法解析的外部符号 "__declspec(dllimport) public: void __cdecl sf::Transformable::move(float,float)" (__imp_?move@Transformable@sf@@QEAAXMM@Z)，函数 "public: void __cdecl Game::updateEnemies(void)" (?updateEnemies@Game@@QEAAXXZ) 中引用了该符号
Game.obj : error LNK2019: 无法解析的外部符号 "__declspec(dllimport) public: __cdecl sf::Color::Color(unsigned char,unsigned char,unsigned char,unsigned char)" (__imp_??0Color@sf@@QEAA@EEEE@Z)，函数 "public: void __cdecl Game::render(void)" (?render@Game@@QEAAXXZ) 中引用了该符号
Game.obj : error LNK2019: 无法解析的外部符号 "__declspec(dllimport) bool __cdecl sf::operator==(class sf::Color const &,class sf::Color const &)" (__imp_??8sf@@YA_NAEBVColor@0@0@Z)，函数 "public: void __cdecl Game::updateEnemies(void)" (?updateEnemies@Game@@QEAAXXZ) 中引用了该符号
Game.obj : error LNK2019: 无法解析的外部符号 "__declspec(dllimport) public: void __cdecl sf::Shape::setFillColor(class sf::Color const &)" (__imp_?setFillColor@Shape@sf@@QEAAXAEBVColor@2@@Z)，函数 "public: void __cdecl Game::spawnEnemy(void)" (?spawnEnemy@Game@@QEAAXXZ) 中引用了该符号
Game.obj : error LNK2019: 无法解析的外部符号 "__declspec(dllimport) public: class sf::Color const & __cdecl sf::Shape::getFillColor(void)const " (__imp_?getFillColor@Shape@sf@@QEBAAEBVColor@2@XZ)，函数 "public: void __cdecl Game::updateEnemies(void)" (?updateEnemies@Game@@QEAAXXZ) 中引用了该符号
Game.obj : error LNK2019: 无法解析的外部符号 "__declspec(dllimport) public: class sf::Rect<float> __cdecl sf::Shape::getGlobalBounds(void)const " (__imp_?getGlobalBounds@Shape@sf@@QEBA?AV?$Rect@M@2@XZ)，函数 "public: void __cdecl Game::updateEnemies(void)" (?updateEnemies@Game@@QEAAXXZ) 中引用了该符号
Game.obj : error LNK2019: 无法解析的外部符号 "__declspec(dllimport) public: __cdecl sf::Font::Font(void)" (__imp_??0Font@sf@@QEAA@XZ)，函数 "public: __cdecl Game::Game(void)" (??0Game@@QEAA@XZ) 中引用了该符号
Game.obj : error LNK2019: 无法解析的外部符号 "__declspec(dllimport) public: __cdecl sf::Font::~Font(void)" (__imp_??1Font@sf@@QEAA@XZ)，函数 "int `public: __cdecl Game::Game(void)'::`1'::dtor$0" (?dtor$0@?0???0Game@@QEAA@XZ@4HA) 中引用了该符号
Game.obj : error LNK2019: 无法解析的外部符号 "__declspec(dllimport) public: bool __cdecl sf::Font::loadFromFile(class std::basic_string<char,struct std::char_traits<char>,class std::allocator<char> > const &)" (__imp_?loadFromFile@Font@sf@@QEAA_NAEBV?$basic_string@DU?$char_traits@D@std@@V?$allocator@D@2@@std@@@Z)，函数 "private: void __cdecl Game::initFont(void)" (?initFont@Game@@AEAAXXZ) 中引用了该符号
Game.obj : error LNK2019: 无法解析的外部符号 "__declspec(dllimport) public: __cdecl sf::RectangleShape::RectangleShape(class sf::Vector2<float> const &)" (__imp_??0RectangleShape@sf@@QEAA@AEBV?$Vector2@M@1@@Z)，函数 "public: __cdecl Game::Game(void)" (??0Game@@QEAA@XZ) 中引用了该符号
Game.obj : error LNK2019: 无法解析的外部符号 "__declspec(dllimport) public: void __cdecl sf::RectangleShape::setSize(class sf::Vector2<float> const &)" (__imp_?setSize@RectangleShape@sf@@QEAAXAEBV?$Vector2@M@2@@Z)，函数 "private: void __cdecl Game::initEnemies(void)" (?initEnemies@Game@@AEAAXXZ) 中引用了该符号
Game.obj : error LNK2019: 无法解析的外部符号 "__declspec(dllimport) public: class sf::Vector2<float> const & __cdecl sf::RectangleShape::getSize(void)const " (__imp_?getSize@RectangleShape@sf@@QEBAAEBV?$Vector2@M@2@XZ)，函数 "public: void __cdecl Game::spawnEnemy(void)" (?spawnEnemy@Game@@QEAAXXZ) 中引用了该符号
Game.obj : error LNK2019: 无法解析的外部符号 "__declspec(dllimport) public: virtual __cdecl sf::RectangleShape::~RectangleShape(void)" (__imp_??1RectangleShape@sf@@UEAA@XZ)，函数 "int `public: __cdecl Game::Game(void)'::`1'::dtor$3" (?dtor$3@?0???0Game@@QEAA@XZ@4HA) 中引用了该符号
Game.obj : error LNK2019: 无法解析的外部符号 "__declspec(dllimport) public: __cdecl sf::RectangleShape::RectangleShape(class sf::RectangleShape const &)" (__imp_??0RectangleShape@sf@@QEAA@AEBV01@@Z)，函数 "public: static void __cdecl std::_Default_allocator_traits<class std::allocator<class sf::RectangleShape> >::construct<class sf::RectangleShape,class sf::RectangleShape &>(class std::allocator<class sf::RectangleShape> &,class sf::RectangleShape * const,class sf::RectangleShape &)" (??$construct@VRectangleShape@sf@@AEAV12@@?$_Default_allocator_traits@V?$allocator@VRectangleShape@sf@@@std@@@std@@SAXAEAV?$allocator@VRectangleShape@sf@@@1@QEAVRectangleShape@sf@@AEAV34@@Z) 中引用了该符号
Game.obj : error LNK2019: 无法解析的外部符号 "__declspec(dllimport) public: __cdecl sf::RectangleShape::RectangleShape(class sf::RectangleShape &&)" (__imp_??0RectangleShape@sf@@QEAA@$$QEAV01@@Z)，函数 "public: static void __cdecl std::_Default_allocator_traits<class std::allocator<class sf::RectangleShape> >::construct<class sf::RectangleShape,class sf::RectangleShape>(class std::allocator<class sf::RectangleShape> &,class sf::RectangleShape * const,class sf::RectangleShape &&)" (??$construct@VRectangleShape@sf@@V12@@?$_Default_allocator_traits@V?$allocator@VRectangleShape@sf@@@std@@@std@@SAXAEAV?$allocator@VRectangleShape@sf@@@1@QEAVRectangleShape@sf@@$$QEAV34@@Z) 中引用了该符号
Game.obj : error LNK2019: 无法解析的外部符号 "__declspec(dllimport) public: class sf::RectangleShape & __cdecl sf::RectangleShape::operator=(class sf::RectangleShape &&)" (__imp_??4RectangleShape@sf@@QEAAAEAV01@$$QEAV01@@Z)，函数 "class sf::RectangleShape * __cdecl std::_Move_unchecked<class sf::RectangleShape *,class sf::RectangleShape *>(class sf::RectangleShape *,class sf::RectangleShape *,class sf::RectangleShape *)" (??$_Move_unchecked@PEAVRectangleShape@sf@@PEAV12@@std@@YAPEAVRectangleShape@sf@@PEAV12@00@Z) 中引用了该符号
Game.obj : error LNK2019: 无法解析的外部符号 "__declspec(dllimport) public: void __cdecl sf::RenderTarget::clear(class sf::Color const &)" (__imp_?clear@RenderTarget@sf@@QEAAXAEBVColor@2@@Z)，函数 "public: void __cdecl Game::render(void)" (?render@Game@@QEAAXXZ) 中引用了该符号
Game.obj : error LNK2019: 无法解析的外部符号 "__declspec(dllimport) public: class sf::Vector2<float> __cdecl sf::RenderTarget::mapPixelToCoords(class sf::Vector2<int> const &)const " (__imp_?mapPixelToCoords@RenderTarget@sf@@QEBA?AV?$Vector2@M@2@AEBV?$Vector2@H@2@@Z)，函数 "public: void __cdecl Game::updateMousePositions(void)" (?updateMousePositions@Game@@QEAAXXZ) 中引用了该符号
Game.obj : error LNK2019: 无法解析的外部符号 "__declspec(dllimport) public: void __cdecl sf::RenderTarget::draw(class sf::Drawable const &,class sf::RenderStates const &)" (__imp_?draw@RenderTarget@sf@@QEAAXAEBVDrawable@2@AEBVRenderStates@2@@Z)，函数 "public: void __cdecl Game::renderEnemies(class sf::RenderTarget &)" (?renderEnemies@Game@@QEAAXAEAVRenderTarget@sf@@@Z) 中引用了该符号
Game.obj : error LNK2019: 无法解析的外部符号 "__declspec(dllimport) public: __cdecl sf::RenderWindow::RenderWindow(class sf::VideoMode,class sf::String const &,unsigned int,struct sf::ContextSettings const &)" (__imp_??0RenderWindow@sf@@QEAA@VVideoMode@1@AEBVString@1@IAEBUContextSettings@1@@Z)，函数 "private: void __cdecl Game::initWindow(void)" (?initWindow@Game@@AEAAXXZ) 中引用了该符号
Game.obj : error LNK2019: 无法解析的外部符号 "__declspec(dllimport) public: virtual __cdecl sf::RenderWindow::~RenderWindow(void)" (__imp_??1RenderWindow@sf@@UEAA@XZ)，函数 "public: virtual void * __cdecl sf::RenderWindow::`scalar deleting destructor'(unsigned int)" (??_GRenderWindow@sf@@UEAAPEAXI@Z) 中引用了该符号
Game.obj : error LNK2019: 无法解析的外部符号 "__declspec(dllimport) public: __cdecl sf::Text::Text(void)" (__imp_??0Text@sf@@QEAA@XZ)，函数 "public: __cdecl Game::Game(void)" (??0Game@@QEAA@XZ) 中引用了该符号
Game.obj : error LNK2019: 无法解析的外部符号 "__declspec(dllimport) public: void __cdecl sf::Text::setString(class sf::String const &)" (__imp_?setString@Text@sf@@QEAAXAEBVString@2@@Z)，函数 "private: void __cdecl Game::initText(void)" (?initText@Game@@AEAAXXZ) 中引用了该符号
Game.obj : error LNK2019: 无法解析的外部符号 "__declspec(dllimport) public: void __cdecl sf::Text::setFont(class sf::Font const &)" (__imp_?setFont@Text@sf@@QEAAXAEBVFont@2@@Z)，函数 "private: void __cdecl Game::initText(void)" (?initText@Game@@AEAAXXZ) 中引用了该符号
Game.obj : error LNK2019: 无法解析的外部符号 "__declspec(dllimport) public: void __cdecl sf::Text::setCharacterSize(unsigned int)" (__imp_?setCharacterSize@Text@sf@@QEAAXI@Z)，函数 "private: void __cdecl Game::initText(void)" (?initText@Game@@AEAAXXZ) 中引用了该符号
Game.obj : error LNK2019: 无法解析的外部符号 "__declspec(dllimport) public: void __cdecl sf::Text::setFillColor(class sf::Color const &)" (__imp_?setFillColor@Text@sf@@QEAAXAEBVColor@2@@Z)，函数 "private: void __cdecl Game::initText(void)" (?initText@Game@@AEAAXXZ) 中引用了该符号
Game.obj : error LNK2019: 无法解析的外部符号 "__declspec(dllimport) public: virtual __cdecl sf::Text::~Text(void)" (__imp_??1Text@sf@@UEAA@XZ)，函数 "int `public: __cdecl Game::Game(void)'::`1'::dtor$1" (?dtor$1@?0???0Game@@QEAA@XZ@4HA) 中引用了该符号
Game.obj : error LNK2001: 无法解析的外部符号 "public: virtual unsigned __int64 __cdecl sf::RectangleShape::getPointCount(void)const " (?getPointCount@RectangleShape@sf@@UEBA_KXZ)
Game.obj : error LNK2001: 无法解析的外部符号 "public: virtual class sf::Vector2<float> __cdecl sf::RectangleShape::getPoint(unsigned __int64)const " (?getPoint@RectangleShape@sf@@UEBA?AV?$Vector2@M@2@_K@Z)
Game.obj : error LNK2001: 无法解析的外部符号 "private: virtual void __cdecl sf::Shape::draw(class sf::RenderTarget &,class sf::RenderStates)const " (?draw@Shape@sf@@EEBAXAEAVRenderTarget@2@VRenderStates@2@@Z)
Game.obj : error LNK2001: 无法解析的外部符号 "public: virtual class sf::Vector2<unsigned int> __cdecl sf::RenderWindow::getSize(void)const " (?getSize@RenderWindow@sf@@UEBA?AV?$Vector2@I@2@XZ)
Game.obj : error LNK2001: 无法解析的外部符号 "public: virtual bool __cdecl sf::RenderWindow::setActive(bool)" (?setActive@RenderWindow@sf@@UEAA_N_N@Z)
Game.obj : error LNK2001: 无法解析的外部符号 "protected: virtual void __cdecl sf::RenderWindow::onCreate(void)" (?onCreate@RenderWindow@sf@@MEAAXXZ)
Game.obj : error LNK2001: 无法解析的外部符号 "protected: virtual void __cdecl sf::RenderWindow::onResize(void)" (?onResize@RenderWindow@sf@@MEAAXXZ)
Game.obj : error LNK2019: 无法解析的外部符号 "__declspec(dllimport) public: static class sf::RenderStates const sf::RenderStates::Default" (__imp_?Default@RenderStates@sf@@2V12@B)，函数 "public: void __cdecl Game::renderEnemies(class sf::RenderTarget &)" (?renderEnemies@Game@@QEAAXAEAVRenderTarget@sf@@@Z) 中引用了该符号
Game.obj : error LNK2019: 无法解析的外部符号 "__declspec(dllimport) public: static class sf::Color const sf::Color::Red" (__imp_?Red@Color@sf@@2V12@B)，函数 "private: void __cdecl Game::initText(void)" (?initText@Game@@AEAAXXZ) 中引用了该符号
Game.obj : error LNK2019: 无法解析的外部符号 "__declspec(dllimport) public: static class sf::Color const sf::Color::Blue" (__imp_?Blue@Color@sf@@2V12@B)，函数 "public: void __cdecl Game::spawnEnemy(void)" (?spawnEnemy@Game@@QEAAXXZ) 中引用了该符号
Game.obj : error LNK2019: 无法解析的外部符号 "__declspec(dllimport) public: static class sf::Color const sf::Color::Yellow" (__imp_?Yellow@Color@sf@@2V12@B)，函数 "public: void __cdecl Game::spawnEnemy(void)" (?spawnEnemy@Game@@QEAAXXZ) 中引用了该符号
Game.obj : error LNK2019: 无法解析的外部符号 "__declspec(dllimport) public: static class sf::Color const sf::Color::Magenta" (__imp_?Magenta@Color@sf@@2V12@B)，函数 "public: void __cdecl Game::spawnEnemy(void)" (?spawnEnemy@Game@@QEAAXXZ) 中引用了该符号
Game.obj : error LNK2019: 无法解析的外部符号 "__declspec(dllimport) public: static class sf::Color const sf::Color::Cyan" (__imp_?Cyan@Color@sf@@2V12@B)，函数 "public: void __cdecl Game::spawnEnemy(void)" (?spawnEnemy@Game@@QEAAXXZ) 中引用了该符号
D:\C\SFML\lib\sfml-system.lib : warning LNK4272: 库计算机类型“x86”与目标计算机类型“x64”冲突
D:\C\SFML\lib\sfml-window.lib : warning LNK4272: 库计算机类型“x86”与目标计算机类型“x64”冲突
D:\C\SFML\lib\sfml-graphics.lib : warning LNK4272: 库计算机类型“x86”与目标计算机类型“x64”冲突
D:\C\SFML\lib\sfml-audio.lib : warning LNK4272: 库计算机类型“x86”与目标计算机类型“x64”冲突
D:\C\SFML\lib\sfml-network.lib : warning LNK4272: 库计算机类型“x86”与目标计算机类型“x64”冲突
X:\MSVS\SFML1_KillRectangles\x64\Debug\SFML1_KillRectangles.exe : fatal error LNK1120: 54 个无法解析的外部命令
