  Game.cpp
  main.cpp
  正在生成代码...
Game.obj : error LNK2019: 无法解析的外部符号 "__declspec(dllimport) public: __cdecl sf::String::String(char const *,class std::locale const &)" (__imp_??0String@sf@@QEAA@PEBDAEBVlocale@std@@@Z)，函数 "private: void __cdecl Game::initWindow(void)" (?initWindow@Game@@AEAAXXZ) 中引用了该符号
Game.obj : error LNK2019: 无法解析的外部符号 "__declspec(dllimport) public: __cdecl sf::String::~String(void)" (__imp_??1String@sf@@QEAA@XZ)，函数 "private: void __cdecl Game::initWindow(void)" (?initWindow@Game@@AEAAXXZ) 中引用了该符号
Game.obj : error LNK2019: 无法解析的外部符号 "__declspec(dllimport) public: __cdecl sf::VideoMode::VideoMode(void)" (__imp_??0VideoMode@sf@@QEAA@XZ)，函数 "public: __cdecl Game::Game(void)" (??0Game@@QEAA@XZ) 中引用了该符号
Game.obj : error LNK2019: 无法解析的外部符号 "__declspec(dllimport) public: __cdecl sf::VideoMode::VideoMode(unsigned int,unsigned int,unsigned int)" (__imp_??0VideoMode@sf@@QEAA@III@Z)，函数 "private: void __cdecl Game::initWindow(void)" (?initWindow@Game@@AEAAXXZ) 中引用了该符号
Game.obj : error LNK2019: 无法解析的外部符号 "__declspec(dllimport) public: void __cdecl sf::Window::close(void)" (__imp_?close@Window@sf@@QEAAXXZ)，函数 "public: void __cdecl Game::pollEvents(void)" (?pollEvents@Game@@QEAAXXZ) 中引用了该符号
Game.obj : error LNK2019: 无法解析的外部符号 "__declspec(dllimport) public: bool __cdecl sf::Window::isOpen(void)const " (__imp_?isOpen@Window@sf@@QEBA_NXZ)，函数 "public: void __cdecl Game::run(void)" (?run@Game@@QEAAXXZ) 中引用了该符号
Game.obj : error LNK2019: 无法解析的外部符号 "__declspec(dllimport) public: bool __cdecl sf::Window::pollEvent(class sf::Event &)" (__imp_?pollEvent@Window@sf@@QEAA_NAEAVEvent@2@@Z)，函数 "public: void __cdecl Game::pollEvents(void)" (?pollEvents@Game@@QEAAXXZ) 中引用了该符号
Game.obj : error LNK2019: 无法解析的外部符号 "__declspec(dllimport) public: void __cdecl sf::Window::display(void)" (__imp_?display@Window@sf@@QEAAXXZ)，函数 "public: void __cdecl Game::render(void)" (?render@Game@@QEAAXXZ) 中引用了该符号
Game.obj : error LNK2019: 无法解析的外部符号 "__declspec(dllimport) public: __cdecl sf::Color::Color(unsigned char,unsigned char,unsigned char,unsigned char)" (__imp_??0Color@sf@@QEAA@EEEE@Z)，函数 "public: void __cdecl Game::render(void)" (?render@Game@@QEAAXXZ) 中引用了该符号
Game.obj : error LNK2019: 无法解析的外部符号 "__declspec(dllimport) public: __cdecl sf::Font::Font(void)" (__imp_??0Font@sf@@QEAA@XZ)，函数 "public: __cdecl Game::Game(void)" (??0Game@@QEAA@XZ) 中引用了该符号
Game.obj : error LNK2019: 无法解析的外部符号 "__declspec(dllimport) public: __cdecl sf::Font::~Font(void)" (__imp_??1Font@sf@@QEAA@XZ)，函数 "int `public: __cdecl Game::Game(void)'::`1'::dtor$0" (?dtor$0@?0???0Game@@QEAA@XZ@4HA) 中引用了该符号
Game.obj : error LNK2019: 无法解析的外部符号 "__declspec(dllimport) public: void __cdecl sf::RenderTarget::clear(class sf::Color const &)" (__imp_?clear@RenderTarget@sf@@QEAAXAEBVColor@2@@Z)，函数 "public: void __cdecl Game::render(void)" (?render@Game@@QEAAXXZ) 中引用了该符号
Game.obj : error LNK2019: 无法解析的外部符号 "__declspec(dllimport) public: __cdecl sf::RenderWindow::RenderWindow(class sf::VideoMode,class sf::String const &,unsigned int,struct sf::ContextSettings const &)" (__imp_??0RenderWindow@sf@@QEAA@VVideoMode@1@AEBVString@1@IAEBUContextSettings@1@@Z)，函数 "private: void __cdecl Game::initWindow(void)" (?initWindow@Game@@AEAAXXZ) 中引用了该符号
Game.obj : error LNK2019: 无法解析的外部符号 "__declspec(dllimport) public: virtual __cdecl sf::RenderWindow::~RenderWindow(void)" (__imp_??1RenderWindow@sf@@UEAA@XZ)，函数 "public: virtual void * __cdecl sf::RenderWindow::`scalar deleting destructor'(unsigned int)" (??_GRenderWindow@sf@@UEAAPEAXI@Z) 中引用了该符号
Game.obj : error LNK2019: 无法解析的外部符号 "__declspec(dllimport) public: __cdecl sf::Text::Text(void)" (__imp_??0Text@sf@@QEAA@XZ)，函数 "public: __cdecl Game::Game(void)" (??0Game@@QEAA@XZ) 中引用了该符号
Game.obj : error LNK2019: 无法解析的外部符号 "__declspec(dllimport) public: virtual __cdecl sf::Text::~Text(void)" (__imp_??1Text@sf@@UEAA@XZ)，函数 "int `public: __cdecl Game::Game(void)'::`1'::dtor$1" (?dtor$1@?0???0Game@@QEAA@XZ@4HA) 中引用了该符号
Game.obj : error LNK2001: 无法解析的外部符号 "public: virtual class sf::Vector2<unsigned int> __cdecl sf::RenderWindow::getSize(void)const " (?getSize@RenderWindow@sf@@UEBA?AV?$Vector2@I@2@XZ)
Game.obj : error LNK2001: 无法解析的外部符号 "public: virtual bool __cdecl sf::RenderWindow::setActive(bool)" (?setActive@RenderWindow@sf@@UEAA_N_N@Z)
Game.obj : error LNK2001: 无法解析的外部符号 "protected: virtual void __cdecl sf::RenderWindow::onCreate(void)" (?onCreate@RenderWindow@sf@@MEAAXXZ)
Game.obj : error LNK2001: 无法解析的外部符号 "protected: virtual void __cdecl sf::RenderWindow::onResize(void)" (?onResize@RenderWindow@sf@@MEAAXXZ)
D:\C\SFML\lib\sfml-system.lib : warning LNK4272: 库计算机类型“x86”与目标计算机类型“x64”冲突
D:\C\SFML\lib\sfml-window.lib : warning LNK4272: 库计算机类型“x86”与目标计算机类型“x64”冲突
D:\C\SFML\lib\sfml-graphics.lib : warning LNK4272: 库计算机类型“x86”与目标计算机类型“x64”冲突
D:\C\SFML\lib\sfml-audio.lib : warning LNK4272: 库计算机类型“x86”与目标计算机类型“x64”冲突
D:\C\SFML\lib\sfml-network.lib : warning LNK4272: 库计算机类型“x86”与目标计算机类型“x64”冲突
X:\MSVS\SFML3_SwaglordsOfSpace\x64\Debug\SFML3_SwaglordsOfSpace.exe : fatal error LNK1120: 20 个无法解析的外部命令
